# JRE version: OpenJDK Runtime Environment Temurin-17.0.8.1+1 (17.0.8.1+1) (build 17.0.8.1+1)
# Java VM: OpenJDK 64-Bit Server VM Temurin-17.0.8.1+1 (17.0.8.1+1, mixed mode, tiered, compressed oops, compressed class ptrs, parallel gc, windows-amd64)
GC Precious Log:
 CPUs: 16 total, 16 available
 Memory: 15628M
 Large Page Support: Disabled
 NUMA Support: Disabled
 Compressed Oops: Enabled (32-bit)
 Alignments: Space 512K, Generation 512K, Heap 2M
 Heap Min Capacity: 100M
 Heap Initial Capacity: 100M
 Heap Max Capacity: 1G
 Pre-touch: Disabled
 Parallel Workers: 13
Heap:
 PSYoungGen      total 4096K, used 2720K [0x00000000eab00000, 0x00000000eb000000, 0x0000000100000000)
  eden space 2560K, 86% used [0x00000000eab00000,0x00000000ead282b0,0x00000000ead80000)
  from space 1536K, 33% used [0x00000000ead80000,0x00000000eae00000,0x00000000eaf00000)
  to   space 1024K, 0% used [0x00000000eaf00000,0x00000000eaf00000,0x00000000eb000000)
 ParOldGen       total 103424K, used 92351K [0x00000000c0000000, 0x00000000c6500000, 0x00000000eab00000)
  object space 103424K, 89% used [0x00000000c0000000,0x00000000c5a2fd00,0x00000000c6500000)
 Metaspace       used 80693K, committed 81856K, reserved 1179648K
  class space    used 8201K, committed 8704K, reserved 1048576K
GC Heap History (20 events):
Event: 321.174 GC heap before
{Heap before GC invocations=787 (full 27):
 PSYoungGen      total 1536K, used 1436K [0x00000000eab00000, 0x00000000ead80000, 0x0000000100000000)
  eden space 1024K, 99% used [0x00000000eab00000,0x00000000eabff1e0,0x00000000eac00000)
  from space 512K, 81% used [0x00000000eac80000,0x00000000eace8000,0x00000000ead00000)
  to   space 512K, 0% used [0x00000000ead00000,0x00000000ead00000,0x00000000ead80000)
 ParOldGen       total 103424K, used 86332K [0x00000000c0000000, 0x00000000c6500000, 0x00000000eab00000)
  object space 103424K, 83% used [0x00000000c0000000,0x00000000c544f3d0,0x00000000c6500000)
 Metaspace       used 80660K, committed 81856K, reserved 1179648K
  class space    used 8201K, committed 8704K, reserved 1048576K
}
Event: 321.175 GC heap after
{Heap after GC invocations=787 (full 27):
 PSYoungGen      total 1536K, used 487K [0x00000000eab00000, 0x00000000eae00000, 0x0000000100000000)
  eden space 1024K, 0% used [0x00000000eab00000,0x00000000eab00000,0x00000000eac00000)
  from space 512K, 95% used [0x00000000ead00000,0x00000000ead79dc8,0x00000000ead80000)
  to   space 1024K, 0% used [0x00000000eac00000,0x00000000eac00000,0x00000000ead00000)
 ParOldGen       total 103424K, used 86451K [0x00000000c0000000, 0x00000000c6500000, 0x00000000eab00000)
  object space 103424K, 83% used [0x00000000c0000000,0x00000000c546ce10,0x00000000c6500000)
 Metaspace       used 80660K, committed 81856K, reserved 1179648K
  class space    used 8201K, committed 8704K, reserved 1048576K
}
Event: 321.176 GC heap before
{Heap before GC invocations=788 (full 27):
 PSYoungGen      total 1536K, used 1511K [0x00000000eab00000, 0x00000000eae00000, 0x0000000100000000)
  eden space 1024K, 100% used [0x00000000eab00000,0x00000000eac00000,0x00000000eac00000)
  from space 512K, 95% used [0x00000000ead00000,0x00000000ead79dc8,0x00000000ead80000)
  to   space 1024K, 0% used [0x00000000eac00000,0x00000000eac00000,0x00000000ead00000)
 ParOldGen       total 103424K, used 86451K [0x00000000c0000000, 0x00000000c6500000, 0x00000000eab00000)
  object space 103424K, 83% used [0x00000000c0000000,0x00000000c546ce10,0x00000000c6500000)
 Metaspace       used 80660K, committed 81856K, reserved 1179648K
  class space    used 8201K, committed 8704K, reserved 1048576K
}
Event: 321.177 GC heap after
{Heap after GC invocations=788 (full 27):
 PSYoungGen      total 2048K, used 999K [0x00000000eab00000, 0x00000000eb000000, 0x0000000100000000)
  eden space 1024K, 0% used [0x00000000eab00000,0x00000000eab00000,0x00000000eac00000)
  from space 1024K, 97% used [0x00000000eac00000,0x00000000eacf9dc8,0x00000000ead00000)
  to   space 2048K, 0% used [0x00000000eae00000,0x00000000eae00000,0x00000000eb000000)
 ParOldGen       total 103424K, used 86938K [0x00000000c0000000, 0x00000000c6500000, 0x00000000eab00000)
  object space 103424K, 84% used [0x00000000c0000000,0x00000000c54e6bd8,0x00000000c6500000)
 Metaspace       used 80660K, committed 81856K, reserved 1179648K
  class space    used 8201K, committed 8704K, reserved 1048576K
}
Event: 321.178 GC heap before
{Heap before GC invocations=789 (full 27):
 PSYoungGen      total 2048K, used 2023K [0x00000000eab00000, 0x00000000eb000000, 0x0000000100000000)
  eden space 1024K, 100% used [0x00000000eab00000,0x00000000eac00000,0x00000000eac00000)
  from space 1024K, 97% used [0x00000000eac00000,0x00000000eacf9dc8,0x00000000ead00000)
  to   space 2048K, 0% used [0x00000000eae00000,0x00000000eae00000,0x00000000eb000000)
 ParOldGen       total 103424K, used 86938K [0x00000000c0000000, 0x00000000c6500000, 0x00000000eab00000)
  object space 103424K, 84% used [0x00000000c0000000,0x00000000c54e6bd8,0x00000000c6500000)
 Metaspace       used 80660K, committed 81856K, reserved 1179648K
  class space    used 8201K, committed 8704K, reserved 1048576K
}
Event: 321.180 GC heap after
{Heap after GC invocations=789 (full 27):
 PSYoungGen      total 3072K, used 1184K [0x00000000eab00000, 0x00000000eaf80000, 0x0000000100000000)
  eden space 1536K, 0% used [0x00000000eab00000,0x00000000eab00000,0x00000000eac80000)
  from space 1536K, 77% used [0x00000000eae00000,0x00000000eaf28000,0x00000000eaf80000)
  to   space 1536K, 0% used [0x00000000eac80000,0x00000000eac80000,0x00000000eae00000)
 ParOldGen       total 103424K, used 87954K [0x00000000c0000000, 0x00000000c6500000, 0x00000000eab00000)
  object space 103424K, 85% used [0x00000000c0000000,0x00000000c55e49a0,0x00000000c6500000)
 Metaspace       used 80660K, committed 81856K, reserved 1179648K
  class space    used 8201K, committed 8704K, reserved 1048576K
}
Event: 321.182 GC heap before
{Heap before GC invocations=790 (full 27):
 PSYoungGen      total 3072K, used 2720K [0x00000000eab00000, 0x00000000eaf80000, 0x0000000100000000)
  eden space 1536K, 100% used [0x00000000eab00000,0x00000000eac80000,0x00000000eac80000)
  from space 1536K, 77% used [0x00000000eae00000,0x00000000eaf28000,0x00000000eaf80000)
  to   space 1536K, 0% used [0x00000000eac80000,0x00000000eac80000,0x00000000eae00000)
 ParOldGen       total 103424K, used 87954K [0x00000000c0000000, 0x00000000c6500000, 0x00000000eab00000)
  object space 103424K, 85% used [0x00000000c0000000,0x00000000c55e49a0,0x00000000c6500000)
 Metaspace       used 80660K, committed 81856K, reserved 1179648K
  class space    used 8201K, committed 8704K, reserved 1048576K
}
Event: 321.185 GC heap after
{Heap after GC invocations=790 (full 27):
 PSYoungGen      total 3072K, used 1536K [0x00000000eab00000, 0x00000000eb300000, 0x0000000100000000)
  eden space 1536K, 0% used [0x00000000eab00000,0x00000000eab00000,0x00000000eac80000)
  from space 1536K, 100% used [0x00000000eac80000,0x00000000eae00000,0x00000000eae00000)
  to   space 3072K, 0% used [0x00000000eb000000,0x00000000eb000000,0x00000000eb300000)
 ParOldGen       total 103424K, used 89058K [0x00000000c0000000, 0x00000000c6500000, 0x00000000eab00000)
  object space 103424K, 86% used [0x00000000c0000000,0x00000000c56f89a0,0x00000000c6500000)
 Metaspace       used 80660K, committed 81856K, reserved 1179648K
  class space    used 8201K, committed 8704K, reserved 1048576K
}
Event: 321.188 GC heap before
{Heap before GC invocations=791 (full 27):
 PSYoungGen      total 3072K, used 3062K [0x00000000eab00000, 0x00000000eb300000, 0x0000000100000000)
  eden space 1536K, 99% used [0x00000000eab00000,0x00000000eac7da60,0x00000000eac80000)
  from space 1536K, 100% used [0x00000000eac80000,0x00000000eae00000,0x00000000eae00000)
  to   space 3072K, 0% used [0x00000000eb000000,0x00000000eb000000,0x00000000eb300000)
 ParOldGen       total 103424K, used 89058K [0x00000000c0000000, 0x00000000c6500000, 0x00000000eab00000)
  object space 103424K, 86% used [0x00000000c0000000,0x00000000c56f89a0,0x00000000c6500000)
 Metaspace       used 80660K, committed 81856K, reserved 1179648K
  class space    used 8201K, committed 8704K, reserved 1048576K
}
Event: 321.190 GC heap after
{Heap after GC invocations=791 (full 27):
 PSYoungGen      total 3072K, used 736K [0x00000000eab00000, 0x00000000eb100000, 0x0000000100000000)
  eden space 2048K, 0% used [0x00000000eab00000,0x00000000eab00000,0x00000000ead00000)
  from space 1024K, 71% used [0x00000000eb000000,0x00000000eb0b8000,0x00000000eb100000)
  to   space 1536K, 0% used [0x00000000eae00000,0x00000000eae00000,0x00000000eaf80000)
 ParOldGen       total 103424K, used 90538K [0x00000000c0000000, 0x00000000c6500000, 0x00000000eab00000)
  object space 103424K, 87% used [0x00000000c0000000,0x00000000c586a9a0,0x00000000c6500000)
 Metaspace       used 80660K, committed 81856K, reserved 1179648K
  class space    used 8201K, committed 8704K, reserved 1048576K
}
Event: 321.330 GC heap before
{Heap before GC invocations=792 (full 27):
 PSYoungGen      total 3072K, used 2784K [0x00000000eab00000, 0x00000000eb100000, 0x0000000100000000)
  eden space 2048K, 100% used [0x00000000eab00000,0x00000000ead00000,0x00000000ead00000)
  from space 1024K, 71% used [0x00000000eb000000,0x00000000eb0b8000,0x00000000eb100000)
  to   space 1536K, 0% used [0x00000000eae00000,0x00000000eae00000,0x00000000eaf80000)
 ParOldGen       total 103424K, used 90538K [0x00000000c0000000, 0x00000000c6500000, 0x00000000eab00000)
  object space 103424K, 87% used [0x00000000c0000000,0x00000000c586a9a0,0x00000000c6500000)
 Metaspace       used 80660K, committed 81856K, reserved 1179648K
  class space    used 8201K, committed 8704K, reserved 1048576K
}
Event: 321.331 GC heap after
{Heap after GC invocations=792 (full 27):
 PSYoungGen      total 4096K, used 320K [0x00000000eab00000, 0x00000000eb080000, 0x0000000100000000)
  eden space 2560K, 0% used [0x00000000eab00000,0x00000000eab00000,0x00000000ead80000)
  from space 1536K, 20% used [0x00000000eae00000,0x00000000eae50000,0x00000000eaf80000)
  to   space 1024K, 0% used [0x00000000eaf80000,0x00000000eaf80000,0x00000000eb080000)
 ParOldGen       total 103424K, used 91068K [0x00000000c0000000, 0x00000000c6500000, 0x00000000eab00000)
  object space 103424K, 88% used [0x00000000c0000000,0x00000000c58ef3a0,0x00000000c6500000)
 Metaspace       used 80660K, committed 81856K, reserved 1179648K
  class space    used 8201K, committed 8704K, reserved 1048576K
}
Event: 321.615 GC heap before
{Heap before GC invocations=793 (full 27):
 PSYoungGen      total 4096K, used 2880K [0x00000000eab00000, 0x00000000eb080000, 0x0000000100000000)
  eden space 2560K, 100% used [0x00000000eab00000,0x00000000ead80000,0x00000000ead80000)
  from space 1536K, 20% used [0x00000000eae00000,0x00000000eae50000,0x00000000eaf80000)
  to   space 1024K, 0% used [0x00000000eaf80000,0x00000000eaf80000,0x00000000eb080000)
 ParOldGen       total 103424K, used 91068K [0x00000000c0000000, 0x00000000c6500000, 0x00000000eab00000)
  object space 103424K, 88% used [0x00000000c0000000,0x00000000c58ef3a0,0x00000000c6500000)
 Metaspace       used 80665K, committed 81856K, reserved 1179648K
  class space    used 8201K, committed 8704K, reserved 1048576K
}
Event: 321.616 GC heap after
{Heap after GC invocations=793 (full 27):
 PSYoungGen      total 3072K, used 320K [0x00000000eab00000, 0x00000000eb000000, 0x0000000100000000)
  eden space 2560K, 0% used [0x00000000eab00000,0x00000000eab00000,0x00000000ead80000)
  from space 512K, 62% used [0x00000000eaf80000,0x00000000eafd0000,0x00000000eb000000)
  to   space 512K, 0% used [0x00000000eaf00000,0x00000000eaf00000,0x00000000eaf80000)
 ParOldGen       total 103424K, used 91116K [0x00000000c0000000, 0x00000000c6500000, 0x00000000eab00000)
  object space 103424K, 88% used [0x00000000c0000000,0x00000000c58fb3a0,0x00000000c6500000)
 Metaspace       used 80665K, committed 81856K, reserved 1179648K
  class space    used 8201K, committed 8704K, reserved 1048576K
}
Event: 321.970 GC heap before
{Heap before GC invocations=794 (full 27):
 PSYoungGen      total 3072K, used 2880K [0x00000000eab00000, 0x00000000eb000000, 0x0000000100000000)
  eden space 2560K, 100% used [0x00000000eab00000,0x00000000ead80000,0x00000000ead80000)
  from space 512K, 62% used [0x00000000eaf80000,0x00000000eafd0000,0x00000000eb000000)
  to   space 512K, 0% used [0x00000000eaf00000,0x00000000eaf00000,0x00000000eaf80000)
 ParOldGen       total 103424K, used 91116K [0x00000000c0000000, 0x00000000c6500000, 0x00000000eab00000)
  object space 103424K, 88% used [0x00000000c0000000,0x00000000c58fb3a0,0x00000000c6500000)
 Metaspace       used 80669K, committed 81856K, reserved 1179648K
  class space    used 8201K, committed 8704K, reserved 1048576K
}
Event: 321.971 GC heap after
{Heap after GC invocations=794 (full 27):
 PSYoungGen      total 3072K, used 496K [0x00000000eab00000, 0x00000000eb000000, 0x0000000100000000)
  eden space 2560K, 0% used [0x00000000eab00000,0x00000000eab00000,0x00000000ead80000)
  from space 512K, 96% used [0x00000000eaf00000,0x00000000eaf7c010,0x00000000eaf80000)
  to   space 512K, 0% used [0x00000000eaf80000,0x00000000eaf80000,0x00000000eb000000)
 ParOldGen       total 103424K, used 91395K [0x00000000c0000000, 0x00000000c6500000, 0x00000000eab00000)
  object space 103424K, 88% used [0x00000000c0000000,0x00000000c5940e00,0x00000000c6500000)
 Metaspace       used 80669K, committed 81856K, reserved 1179648K
  class space    used 8201K, committed 8704K, reserved 1048576K
}
Event: 322.032 GC heap before
{Heap before GC invocations=795 (full 27):
 PSYoungGen      total 3072K, used 3055K [0x00000000eab00000, 0x00000000eb000000, 0x0000000100000000)
  eden space 2560K, 99% used [0x00000000eab00000,0x00000000ead7ffe8,0x00000000ead80000)
  from space 512K, 96% used [0x00000000eaf00000,0x00000000eaf7c010,0x00000000eaf80000)
  to   space 512K, 0% used [0x00000000eaf80000,0x00000000eaf80000,0x00000000eb000000)
 ParOldGen       total 103424K, used 91395K [0x00000000c0000000, 0x00000000c6500000, 0x00000000eab00000)
  object space 103424K, 88% used [0x00000000c0000000,0x00000000c5940e00,0x00000000c6500000)
 Metaspace       used 80679K, committed 81856K, reserved 1179648K
  class space    used 8201K, committed 8704K, reserved 1048576K
}
Event: 322.032 GC heap after
{Heap after GC invocations=795 (full 27):
 PSYoungGen      total 3072K, used 512K [0x00000000eab00000, 0x00000000eb080000, 0x0000000100000000)
  eden space 2560K, 0% used [0x00000000eab00000,0x00000000eab00000,0x00000000ead80000)
  from space 512K, 100% used [0x00000000eaf80000,0x00000000eb000000,0x00000000eb000000)
  to   space 1536K, 0% used [0x00000000ead80000,0x00000000ead80000,0x00000000eaf00000)
 ParOldGen       total 103424K, used 91912K [0x00000000c0000000, 0x00000000c6500000, 0x00000000eab00000)
  object space 103424K, 88% used [0x00000000c0000000,0x00000000c59c22a0,0x00000000c6500000)
 Metaspace       used 80679K, committed 81856K, reserved 1179648K
  class space    used 8201K, committed 8704K, reserved 1048576K
}
Event: 322.264 GC heap before
{Heap before GC invocations=796 (full 27):
 PSYoungGen      total 3072K, used 3071K [0x00000000eab00000, 0x00000000eb080000, 0x0000000100000000)
  eden space 2560K, 99% used [0x00000000eab00000,0x00000000ead7fff8,0x00000000ead80000)
  from space 512K, 100% used [0x00000000eaf80000,0x00000000eb000000,0x00000000eb000000)
  to   space 1536K, 0% used [0x00000000ead80000,0x00000000ead80000,0x00000000eaf00000)
 ParOldGen       total 103424K, used 91912K [0x00000000c0000000, 0x00000000c6500000, 0x00000000eab00000)
  object space 103424K, 88% used [0x00000000c0000000,0x00000000c59c22a0,0x00000000c6500000)
 Metaspace       used 80690K, committed 81856K, reserved 1179648K
  class space    used 8201K, committed 8704K, reserved 1048576K
}
Event: 322.265 GC heap after
{Heap after GC invocations=796 (full 27):
 PSYoungGen      total 4096K, used 512K [0x00000000eab00000, 0x00000000eb000000, 0x0000000100000000)
  eden space 2560K, 0% used [0x00000000eab00000,0x00000000eab00000,0x00000000ead80000)
  from space 1536K, 33% used [0x00000000ead80000,0x00000000eae00000,0x00000000eaf00000)
  to   space 1024K, 0% used [0x00000000eaf00000,0x00000000eaf00000,0x00000000eb000000)
 ParOldGen       total 103424K, used 92351K [0x00000000c0000000, 0x00000000c6500000, 0x00000000eab00000)
  object space 103424K, 89% used [0x00000000c0000000,0x00000000c5a2fd00,0x00000000c6500000)
 Metaspace       used 80690K, committed 81856K, reserved 1179648K
  class space    used 8201K, committed 8704K, reserved 1048576K
}

